[2024-10-11 13:58:50] laravel.EMERGENCY: Unable to create configured logger. Using emergency logger. {"exception":"[object] (InvalidArgumentException(code: 0): Log [default] is not defined. at /Users/dianascharf/Dev/beyondcode/expose-server/vendor/illuminate/log/LogManager.php:212)
[stacktrace]
#0 /Users/dianascharf/Dev/beyondcode/expose-server/vendor/illuminate/log/LogManager.php(137): Illuminate\\Log\\LogManager->resolve('default', NULL)
#1 /Users/dianascharf/Dev/beyondcode/expose-server/vendor/illuminate/log/LogManager.php(124): Illuminate\\Log\\LogManager->get('default')
#2 /Users/dianascharf/Dev/beyondcode/expose-server/vendor/illuminate/log/LogManager.php(681): Illuminate\\Log\\LogManager->driver()
#3 /Users/dianascharf/Dev/beyondcode/expose-server/vendor/laravel-zero/foundation/src/Illuminate/Foundation/Exceptions/Handler.php(317): Illuminate\\Log\\LogManager->error('Class \"Twig\\\\Env...', Array)
#4 /Users/dianascharf/Dev/beyondcode/expose-server/vendor/laravel-zero/foundation/src/Illuminate/Foundation/Exceptions/Handler.php(278): Illuminate\\Foundation\\Exceptions\\Handler->reportThrowable(Object(Error))
#5 /Users/dianascharf/Dev/beyondcode/expose-server/vendor/nunomaduro/collision/src/Adapters/Laravel/ExceptionHandler.php(46): Illuminate\\Foundation\\Exceptions\\Handler->report(Object(Error))
#6 /Users/dianascharf/Dev/beyondcode/expose-server/vendor/laravel-zero/foundation/src/Illuminate/Foundation/Console/Kernel.php(523): NunoMaduro\\Collision\\Adapters\\Laravel\\ExceptionHandler->report(Object(Error))
#7 /Users/dianascharf/Dev/beyondcode/expose-server/vendor/laravel-zero/foundation/src/Illuminate/Foundation/Console/Kernel.php(203): Illuminate\\Foundation\\Console\\Kernel->reportException(Object(Error))
#8 /Users/dianascharf/Dev/beyondcode/expose-server/vendor/laravel-zero/framework/src/Kernel.php(97): Illuminate\\Foundation\\Console\\Kernel->handle(Object(Symfony\\Component\\Console\\Input\\ArgvInput), Object(Symfony\\Component\\Console\\Output\\ConsoleOutput))
#9 /Users/dianascharf/Dev/beyondcode/expose-server/expose-server(35): LaravelZero\\Framework\\Kernel->handle(Object(Symfony\\Component\\Console\\Input\\ArgvInput), Object(Symfony\\Component\\Console\\Output\\ConsoleOutput))
#10 {main}
"} 
[2024-10-11 13:58:50] laravel.ERROR: Class "Twig\Environment" not found {"exception":"[object] (Error(code: 0): Class \"Twig\\Environment\" not found at /Users/dianascharf/Dev/beyondcode/expose-utils/src/Http/Controllers/Concerns/LoadsViews.php:16)
[stacktrace]
#0 /Users/dianascharf/Dev/beyondcode/expose-server/app/Server/Http/Controllers/TunnelMessageController.php(49): Expose\\Common\\Http\\Controllers\\Controller->getView(Object(Ratchet\\Server\\IoConnection), 'server.homepage')
#1 /Users/dianascharf/Dev/beyondcode/expose-utils/src/Http/Controllers/Concerns/ParsesIncomingRequest.php(32): App\\Server\\Http\\Controllers\\TunnelMessageController->handle(Object(Illuminate\\Http\\Request), Object(Ratchet\\Server\\IoConnection))
#2 /Users/dianascharf/Dev/beyondcode/expose-utils/src/Http/Controllers/Controller.php(29): Expose\\Common\\Http\\Controllers\\Controller->checkContentLength(Object(Ratchet\\Server\\IoConnection))
#3 /Users/dianascharf/Dev/beyondcode/expose-server/app/Server/Http/Router.php(86): Expose\\Common\\Http\\Controllers\\Controller->onOpen(Object(Ratchet\\Server\\IoConnection), Object(GuzzleHttp\\Psr7\\Request))
#4 /Users/dianascharf/Dev/beyondcode/expose-server/vendor/cboden/ratchet/src/Ratchet/Http/HttpServer.php(51): App\\Server\\Http\\Router->onOpen(Object(Ratchet\\Server\\IoConnection), Object(GuzzleHttp\\Psr7\\Request))
#5 /Users/dianascharf/Dev/beyondcode/expose-server/vendor/cboden/ratchet/src/Ratchet/Server/IoServer.php(112): Ratchet\\Http\\HttpServer->onMessage(Object(Ratchet\\Server\\IoConnection), 'GET /favicon.ic...')
#6 /Users/dianascharf/Dev/beyondcode/expose-server/vendor/cboden/ratchet/src/Ratchet/Server/IoServer.php(95): Ratchet\\Server\\IoServer->handleData('GET /favicon.ic...', Object(Ratchet\\Server\\IoConnection))
#7 /Users/dianascharf/Dev/beyondcode/expose-server/vendor/evenement/evenement/src/EventEmitterTrait.php(143): Ratchet\\Server\\IoServer->Ratchet\\Server\\{closure}('GET /favicon.ic...')
#8 /Users/dianascharf/Dev/beyondcode/expose-server/vendor/react/stream/src/Util.php(71): Evenement\\EventEmitter->emit('data', Array)
#9 /Users/dianascharf/Dev/beyondcode/expose-server/vendor/evenement/evenement/src/EventEmitterTrait.php(143): React\\Stream\\Util::React\\Stream\\{closure}('GET /favicon.ic...')
#10 /Users/dianascharf/Dev/beyondcode/expose-server/vendor/react/stream/src/DuplexResourceStream.php(209): Evenement\\EventEmitter->emit('data', Array)
#11 /Users/dianascharf/Dev/beyondcode/expose-server/vendor/react/event-loop/src/StreamSelectLoop.php(246): React\\Stream\\DuplexResourceStream->handleData(Resource id #561)
#12 /Users/dianascharf/Dev/beyondcode/expose-server/vendor/react/event-loop/src/StreamSelectLoop.php(213): React\\EventLoop\\StreamSelectLoop->waitForStreamActivity(27266497)
#13 /Users/dianascharf/Dev/beyondcode/expose-server/vendor/cboden/ratchet/src/Ratchet/Server/IoServer.php(74): React\\EventLoop\\StreamSelectLoop->run()
#14 /Users/dianascharf/Dev/beyondcode/expose-server/app/Commands/ServeCommand.php(52): Ratchet\\Server\\IoServer->run()
#15 /Users/dianascharf/Dev/beyondcode/expose-server/vendor/illuminate/container/BoundMethod.php(36): App\\Commands\\ServeCommand->handle()
#16 /Users/dianascharf/Dev/beyondcode/expose-server/vendor/illuminate/container/Util.php(41): Illuminate\\Container\\BoundMethod::Illuminate\\Container\\{closure}()
#17 /Users/dianascharf/Dev/beyondcode/expose-server/vendor/illuminate/container/BoundMethod.php(93): Illuminate\\Container\\Util::unwrapIfClosure(Object(Closure))
#18 /Users/dianascharf/Dev/beyondcode/expose-server/vendor/illuminate/container/BoundMethod.php(35): Illuminate\\Container\\BoundMethod::callBoundMethod(Object(LaravelZero\\Framework\\Application), Array, Object(Closure))
#19 /Users/dianascharf/Dev/beyondcode/expose-server/vendor/illuminate/container/Container.php(662): Illuminate\\Container\\BoundMethod::call(Object(LaravelZero\\Framework\\Application), Array, Array, NULL)
#20 /Users/dianascharf/Dev/beyondcode/expose-server/vendor/illuminate/console/Command.php(211): Illuminate\\Container\\Container->call(Array)
#21 /Users/dianascharf/Dev/beyondcode/expose-server/vendor/symfony/console/Command/Command.php(326): Illuminate\\Console\\Command->execute(Object(Symfony\\Component\\Console\\Input\\ArgvInput), Object(Illuminate\\Console\\OutputStyle))
#22 /Users/dianascharf/Dev/beyondcode/expose-server/vendor/illuminate/console/Command.php(180): Symfony\\Component\\Console\\Command\\Command->run(Object(Symfony\\Component\\Console\\Input\\ArgvInput), Object(Illuminate\\Console\\OutputStyle))
#23 /Users/dianascharf/Dev/beyondcode/expose-server/vendor/symfony/console/Application.php(1096): Illuminate\\Console\\Command->run(Object(Symfony\\Component\\Console\\Input\\ArgvInput), Object(Symfony\\Component\\Console\\Output\\ConsoleOutput))
#24 /Users/dianascharf/Dev/beyondcode/expose-server/vendor/symfony/console/Application.php(324): Symfony\\Component\\Console\\Application->doRunCommand(Object(App\\Commands\\ServeCommand), Object(Symfony\\Component\\Console\\Input\\ArgvInput), Object(Symfony\\Component\\Console\\Output\\ConsoleOutput))
#25 /Users/dianascharf/Dev/beyondcode/expose-server/vendor/symfony/console/Application.php(175): Symfony\\Component\\Console\\Application->doRun(Object(Symfony\\Component\\Console\\Input\\ArgvInput), Object(Symfony\\Component\\Console\\Output\\ConsoleOutput))
#26 /Users/dianascharf/Dev/beyondcode/expose-server/vendor/laravel-zero/foundation/src/Illuminate/Foundation/Console/Kernel.php(201): Symfony\\Component\\Console\\Application->run(Object(Symfony\\Component\\Console\\Input\\ArgvInput), Object(Symfony\\Component\\Console\\Output\\ConsoleOutput))
#27 /Users/dianascharf/Dev/beyondcode/expose-server/vendor/laravel-zero/framework/src/Kernel.php(97): Illuminate\\Foundation\\Console\\Kernel->handle(Object(Symfony\\Component\\Console\\Input\\ArgvInput), Object(Symfony\\Component\\Console\\Output\\ConsoleOutput))
#28 /Users/dianascharf/Dev/beyondcode/expose-server/expose-server(35): LaravelZero\\Framework\\Kernel->handle(Object(Symfony\\Component\\Console\\Input\\ArgvInput), Object(Symfony\\Component\\Console\\Output\\ConsoleOutput))
#29 {main}
"} 
[2024-10-11 15:00:37] laravel.EMERGENCY: Unable to create configured logger. Using emergency logger. {"exception":"[object] (InvalidArgumentException(code: 0): Log [default] is not defined. at /Users/dianascharf/Dev/beyondcode/expose-server/vendor/illuminate/log/LogManager.php:212)
[stacktrace]
#0 /Users/dianascharf/Dev/beyondcode/expose-server/vendor/illuminate/log/LogManager.php(137): Illuminate\\Log\\LogManager->resolve('default', NULL)
#1 /Users/dianascharf/Dev/beyondcode/expose-server/vendor/illuminate/log/LogManager.php(124): Illuminate\\Log\\LogManager->get('default')
#2 /Users/dianascharf/Dev/beyondcode/expose-server/vendor/illuminate/log/LogManager.php(681): Illuminate\\Log\\LogManager->driver()
#3 /Users/dianascharf/Dev/beyondcode/expose-server/vendor/laravel-zero/foundation/src/Illuminate/Foundation/Exceptions/Handler.php(317): Illuminate\\Log\\LogManager->error('Call to a membe...', Array)
#4 /Users/dianascharf/Dev/beyondcode/expose-server/vendor/laravel-zero/foundation/src/Illuminate/Foundation/Exceptions/Handler.php(278): Illuminate\\Foundation\\Exceptions\\Handler->reportThrowable(Object(Error))
#5 /Users/dianascharf/Dev/beyondcode/expose-server/vendor/nunomaduro/collision/src/Adapters/Laravel/ExceptionHandler.php(46): Illuminate\\Foundation\\Exceptions\\Handler->report(Object(Error))
#6 /Users/dianascharf/Dev/beyondcode/expose-server/vendor/laravel-zero/foundation/src/Illuminate/Foundation/Console/Kernel.php(523): NunoMaduro\\Collision\\Adapters\\Laravel\\ExceptionHandler->report(Object(Error))
#7 /Users/dianascharf/Dev/beyondcode/expose-server/vendor/laravel-zero/foundation/src/Illuminate/Foundation/Console/Kernel.php(203): Illuminate\\Foundation\\Console\\Kernel->reportException(Object(Error))
#8 /Users/dianascharf/Dev/beyondcode/expose-server/vendor/laravel-zero/framework/src/Kernel.php(97): Illuminate\\Foundation\\Console\\Kernel->handle(Object(Symfony\\Component\\Console\\Input\\ArgvInput), Object(Symfony\\Component\\Console\\Output\\ConsoleOutput))
#9 /Users/dianascharf/Dev/beyondcode/expose-server/expose-server(35): LaravelZero\\Framework\\Kernel->handle(Object(Symfony\\Component\\Console\\Input\\ArgvInput), Object(Symfony\\Component\\Console\\Output\\ConsoleOutput))
#10 {main}
"} 
[2024-10-11 15:00:37] laravel.ERROR: Call to a member function then() on null {"exception":"[object] (Error(code: 0): Call to a member function then() on null at /Users/dianascharf/Dev/beyondcode/expose-server/vendor/clue/reactphp-sqlite/src/Io/LazyDatabase.php:185)
[stacktrace]
#0 /Users/dianascharf/Dev/beyondcode/expose-server/vendor/react/event-loop/src/Timer/Timers.php(102): Clue\\React\\SQLite\\Io\\LazyDatabase->Clue\\React\\SQLite\\Io\\{closure}(Object(React\\EventLoop\\Timer\\Timer))
#1 /Users/dianascharf/Dev/beyondcode/expose-server/vendor/react/event-loop/src/StreamSelectLoop.php(185): React\\EventLoop\\Timer\\Timers->tick()
#2 /Users/dianascharf/Dev/beyondcode/expose-server/vendor/cboden/ratchet/src/Ratchet/Server/IoServer.php(74): React\\EventLoop\\StreamSelectLoop->run()
#3 /Users/dianascharf/Dev/beyondcode/expose-server/app/Commands/ServeCommand.php(52): Ratchet\\Server\\IoServer->run()
#4 /Users/dianascharf/Dev/beyondcode/expose-server/vendor/illuminate/container/BoundMethod.php(36): App\\Commands\\ServeCommand->handle()
#5 /Users/dianascharf/Dev/beyondcode/expose-server/vendor/illuminate/container/Util.php(41): Illuminate\\Container\\BoundMethod::Illuminate\\Container\\{closure}()
#6 /Users/dianascharf/Dev/beyondcode/expose-server/vendor/illuminate/container/BoundMethod.php(93): Illuminate\\Container\\Util::unwrapIfClosure(Object(Closure))
#7 /Users/dianascharf/Dev/beyondcode/expose-server/vendor/illuminate/container/BoundMethod.php(35): Illuminate\\Container\\BoundMethod::callBoundMethod(Object(LaravelZero\\Framework\\Application), Array, Object(Closure))
#8 /Users/dianascharf/Dev/beyondcode/expose-server/vendor/illuminate/container/Container.php(662): Illuminate\\Container\\BoundMethod::call(Object(LaravelZero\\Framework\\Application), Array, Array, NULL)
#9 /Users/dianascharf/Dev/beyondcode/expose-server/vendor/illuminate/console/Command.php(211): Illuminate\\Container\\Container->call(Array)
#10 /Users/dianascharf/Dev/beyondcode/expose-server/vendor/symfony/console/Command/Command.php(326): Illuminate\\Console\\Command->execute(Object(Symfony\\Component\\Console\\Input\\ArgvInput), Object(Illuminate\\Console\\OutputStyle))
#11 /Users/dianascharf/Dev/beyondcode/expose-server/vendor/illuminate/console/Command.php(180): Symfony\\Component\\Console\\Command\\Command->run(Object(Symfony\\Component\\Console\\Input\\ArgvInput), Object(Illuminate\\Console\\OutputStyle))
#12 /Users/dianascharf/Dev/beyondcode/expose-server/vendor/symfony/console/Application.php(1096): Illuminate\\Console\\Command->run(Object(Symfony\\Component\\Console\\Input\\ArgvInput), Object(Symfony\\Component\\Console\\Output\\ConsoleOutput))
#13 /Users/dianascharf/Dev/beyondcode/expose-server/vendor/symfony/console/Application.php(324): Symfony\\Component\\Console\\Application->doRunCommand(Object(App\\Commands\\ServeCommand), Object(Symfony\\Component\\Console\\Input\\ArgvInput), Object(Symfony\\Component\\Console\\Output\\ConsoleOutput))
#14 /Users/dianascharf/Dev/beyondcode/expose-server/vendor/symfony/console/Application.php(175): Symfony\\Component\\Console\\Application->doRun(Object(Symfony\\Component\\Console\\Input\\ArgvInput), Object(Symfony\\Component\\Console\\Output\\ConsoleOutput))
#15 /Users/dianascharf/Dev/beyondcode/expose-server/vendor/laravel-zero/foundation/src/Illuminate/Foundation/Console/Kernel.php(201): Symfony\\Component\\Console\\Application->run(Object(Symfony\\Component\\Console\\Input\\ArgvInput), Object(Symfony\\Component\\Console\\Output\\ConsoleOutput))
#16 /Users/dianascharf/Dev/beyondcode/expose-server/vendor/laravel-zero/framework/src/Kernel.php(97): Illuminate\\Foundation\\Console\\Kernel->handle(Object(Symfony\\Component\\Console\\Input\\ArgvInput), Object(Symfony\\Component\\Console\\Output\\ConsoleOutput))
#17 /Users/dianascharf/Dev/beyondcode/expose-server/expose-server(35): LaravelZero\\Framework\\Kernel->handle(Object(Symfony\\Component\\Console\\Input\\ArgvInput), Object(Symfony\\Component\\Console\\Output\\ConsoleOutput))
#18 {main}
"} 
